unityLibrary/build/intermediates/manifest_merge_blame_file/debug/manifest-merger-blame-debug-report.txt
1<?xml version="1.0" encoding="utf-8"?>
2<!-- GENERATED BY UNITY. REMOVE THIS COMMENT TO PREVENT OVERWRITING WHEN EXPORTING AGAIN -->
3<manifest xmlns:android="http://schemas.android.com/apk/res/android"
4    xmlns:tools="http://schemas.android.com/tools"
5    package="com.unity3d.player"
6    android:installLocation="preferExternal"
7    android:versionCode="1"
8    android:versionName="1.0" >
9
10    <uses-sdk
11        android:minSdkVersion="24"
11-->src/main/AndroidManifest.xml
12        android:targetSdkVersion="31" />
12-->src/main/AndroidManifest.xml
13
14    <supports-screens
14-->src/main/AndroidManifest.xml:4:3-163
15        android:anyDensity="true"
15-->src/main/AndroidManifest.xml:4:135-160
16        android:largeScreens="true"
16-->src/main/AndroidManifest.xml:4:78-105
17        android:normalScreens="true"
17-->src/main/AndroidManifest.xml:4:49-77
18        android:smallScreens="true"
18-->src/main/AndroidManifest.xml:4:21-48
19        android:xlargeScreens="true" />
19-->src/main/AndroidManifest.xml:4:106-134
20
21    <uses-permission android:name="android.permission.INTERNET" />
21-->src/main/AndroidManifest.xml:5:3-65
21-->src/main/AndroidManifest.xml:5:20-62
22    <uses-permission android:name="android.permission.ACCESS_NETWORK_STATE" />
22-->src/main/AndroidManifest.xml:6:3-77
22-->src/main/AndroidManifest.xml:6:20-74
23    <uses-permission android:name="com.google.android.c2dm.permission.RECEIVE" />
23-->src/main/AndroidManifest.xml:7:3-80
23-->src/main/AndroidManifest.xml:7:20-77
24    <uses-permission android:name="android.permission.WAKE_LOCK" />
24-->src/main/AndroidManifest.xml:8:3-66
24-->src/main/AndroidManifest.xml:8:20-63
25
26    <uses-feature android:glEsVersion="0x00020000" />
26-->src/main/AndroidManifest.xml:9:3-52
26-->src/main/AndroidManifest.xml:9:17-49
27    <uses-feature
27-->src/main/AndroidManifest.xml:10:3-88
28        android:name="android.hardware.touchscreen"
28-->src/main/AndroidManifest.xml:10:17-60
29        android:required="false" />
29-->src/main/AndroidManifest.xml:10:61-85
30    <uses-feature
30-->src/main/AndroidManifest.xml:11:3-99
31        android:name="android.hardware.touchscreen.multitouch"
31-->src/main/AndroidManifest.xml:11:17-71
32        android:required="false" />
32-->src/main/AndroidManifest.xml:11:72-96
33    <uses-feature
33-->src/main/AndroidManifest.xml:12:3-108
34        android:name="android.hardware.touchscreen.multitouch.distinct"
34-->src/main/AndroidManifest.xml:12:17-80
35        android:required="false" />
35-->src/main/AndroidManifest.xml:12:81-105
36
37    <uses-permission android:name="android.permission.CAMERA" />
37-->src/main/AndroidManifest.xml:53:3-63
37-->src/main/AndroidManifest.xml:53:20-60
38
39    <uses-feature
39-->src/main/AndroidManifest.xml:54:3-85
40        android:name="android.hardware.camera.ar"
40-->src/main/AndroidManifest.xml:54:17-58
41        android:required="true" />
41-->src/main/AndroidManifest.xml:54:59-82
42    <uses-feature
42-->src/main/AndroidManifest.xml:55:3-83
43        android:name="com.google.ar.core.depth"
43-->src/main/AndroidManifest.xml:55:17-56
44        android:required="true" />
44-->src/main/AndroidManifest.xml:55:57-80
45
46    <application>
46-->src/main/AndroidManifest.xml:13:3-52:17
47        <activity
47-->src/main/AndroidManifest.xml:14:5-21:16
48            android:name="com.unity3d.player.UnityPlayerActivity"
48-->src/main/AndroidManifest.xml:14:15-50
49            android:configChanges="mcc|mnc|locale|touchscreen|keyboard|keyboardHidden|navigation|orientation|screenLayout|uiMode|screenSize|smallestScreenSize|fontScale|layoutDirection|density"
49-->src/main/AndroidManifest.xml:14:164-345
50            android:exported="true"
50-->src/main/AndroidManifest.xml:14:417-440
51            android:hardwareAccelerated="false"
51-->src/main/AndroidManifest.xml:14:381-416
52            android:launchMode="singleTask"
52-->src/main/AndroidManifest.xml:14:132-163
53            android:resizeableActivity="false"
53-->src/main/AndroidManifest.xml:14:346-380
54            android:screenOrientation="fullSensor"
54-->src/main/AndroidManifest.xml:14:93-131
55            android:theme="@style/UnityThemeSelector" >
55-->src/main/AndroidManifest.xml:14:51-92
56            <intent-filter>
56-->src/main/AndroidManifest.xml:15:7-18:23
57                <action android:name="android.intent.action.MAIN" />
57-->src/main/AndroidManifest.xml:16:9-61
57-->src/main/AndroidManifest.xml:16:17-58
58
59                <category android:name="android.intent.category.LAUNCHER" />
59-->src/main/AndroidManifest.xml:17:9-69
59-->src/main/AndroidManifest.xml:17:19-66
60            </intent-filter>
61
62            <meta-data
62-->src/main/AndroidManifest.xml:19:7-82
63                android:name="unityplayer.UnityActivity"
63-->src/main/AndroidManifest.xml:19:18-58
64                android:value="true" />
64-->src/main/AndroidManifest.xml:19:59-79
65            <meta-data
65-->src/main/AndroidManifest.xml:20:7-78
66                android:name="android.notch_support"
66-->src/main/AndroidManifest.xml:20:18-54
67                android:value="true" />
67-->src/main/AndroidManifest.xml:20:55-75
68        </activity>
69        <!--
70        <service
71            android:name="com.clevertap.android.sdk.pushnotification.fcm.FcmMessageListenerService"
72            android:exported="true">
73            <intent-filter>
74                <action android:name="com.google.firebase.MESSAGING_EVENT" />
75            </intent-filter>
76        </service>
77
78        <service
79            android:name="com.clevertap.android.sdk.pushnotification.CTNotificationIntentService"
80            android:exported="false">
81            <intent-filter>
82                <action android:name="com.clevertap.PUSH_EVENT" />
83            </intent-filter>
84        </service>
85        -->
86        <!-- <service android:name="com.clevertap.android.sdk.pushnotification.fcm.FcmMessageListenerService" android:exported="true"> -->
87        <!-- <intent-filter> -->
88        <!-- <action android:name="com.google.firebase.MESSAGING_EVENT" /> -->
89        <!-- </intent-filter> -->
90        <!-- </service> -->
91        <meta-data
91-->src/main/AndroidManifest.xml:42:5-79
92            android:name="FCM_SENDER_ID"
92-->src/main/AndroidManifest.xml:42:16-44
93            android:value="id:487275975172" />
93-->src/main/AndroidManifest.xml:42:45-76
94        <meta-data
94-->src/main/AndroidManifest.xml:43:5-88
95            android:name="CLEVERTAP_ACCOUNT_ID"
95-->src/main/AndroidManifest.xml:43:16-51
96            android:value="TEST-W8W-6WR-846Z" />
96-->src/main/AndroidManifest.xml:43:52-85
97        <meta-data
97-->src/main/AndroidManifest.xml:44:5-78
98            android:name="CLEVERTAP_TOKEN"
98-->src/main/AndroidManifest.xml:44:16-46
99            android:value="TEST-206-0b0" />
99-->src/main/AndroidManifest.xml:44:47-75
100        <meta-data
100-->src/main/AndroidManifest.xml:45:5-69
101            android:name="unity.splash-mode"
101-->src/main/AndroidManifest.xml:45:16-48
102            android:value="0" />
102-->src/main/AndroidManifest.xml:45:49-66
103        <meta-data
103-->src/main/AndroidManifest.xml:46:5-74
104            android:name="unity.splash-enable"
104-->src/main/AndroidManifest.xml:46:16-50
105            android:value="True" />
105-->src/main/AndroidManifest.xml:46:51-71
106        <meta-data
106-->src/main/AndroidManifest.xml:47:5-84
107            android:name="unity.allow-resizable-window"
107-->src/main/AndroidManifest.xml:47:16-59
108            android:value="False" />
108-->src/main/AndroidManifest.xml:47:60-81
109        <meta-data
109-->src/main/AndroidManifest.xml:48:5-81
110            android:name="notch.config"
110-->src/main/AndroidManifest.xml:48:16-43
111            android:value="portrait|landscape" />
111-->src/main/AndroidManifest.xml:48:44-78
112        <meta-data
112-->src/main/AndroidManifest.xml:49:5-101
113            android:name="unity.build-id"
113-->src/main/AndroidManifest.xml:49:16-45
114            android:value="1785a7ff-41f1-4faf-a208-1d2023c4d1e1" />
114-->src/main/AndroidManifest.xml:49:46-98
115        <meta-data
115-->src/main/AndroidManifest.xml:50:5-88
116            android:name="unityplayer.SkipPermissionsDialog"
116-->src/main/AndroidManifest.xml:50:16-64
117            android:value="true" />
117-->src/main/AndroidManifest.xml:50:65-85
118        <meta-data
118-->src/main/AndroidManifest.xml:51:5-77
119            android:name="com.google.ar.core"
119-->src/main/AndroidManifest.xml:51:16-49
120            android:value="required" />
120-->src/main/AndroidManifest.xml:51:50-74
121    </application>
122
123</manifest>